{
  "stats": {
    "suites": 1,
    "tests": 4,
    "passes": 4,
    "pending": 0,
    "failures": 0,
    "start": "2023-07-17T08:57:31.008Z",
    "end": "2023-07-17T08:57:32.774Z",
    "duration": 1766,
    "testsRegistered": 4,
    "passPercent": 100,
    "pendingPercent": 0,
    "other": 0,
    "hasOther": false,
    "skipped": 0,
    "hasSkipped": false
  },
  "results": [
    {
      "uuid": "85c61fe4-f01a-49c1-afd1-62f8aaa5039c",
      "title": "",
      "fullFile": "C:\\Users\\Ilona_Zahonyi\\Documents\\SQE Official\\Final_HW_API\\Final_HW_API\\specs\\test.spec.js",
      "file": "\\specs\\test.spec.js",
      "beforeHooks": [],
      "afterHooks": [],
      "tests": [],
      "suites": [
        {
          "uuid": "9cb73035-6de3-47e4-907a-ef3631d57d67",
          "title": "API Test Suite",
          "fullFile": "C:\\Users\\Ilona_Zahonyi\\Documents\\SQE Official\\Final_HW_API\\Final_HW_API\\specs\\test.spec.js",
          "file": "\\specs\\test.spec.js",
          "beforeHooks": [],
          "afterHooks": [],
          "tests": [
            {
              "title": "GET public/v2/users should return users",
              "fullTitle": "API Test Suite GET public/v2/users should return users",
              "timedOut": false,
              "duration": 634,
              "state": "passed",
              "speed": "slow",
              "pass": true,
              "fail": false,
              "pending": false,
              "context": null,
              "code": "const response = await sendRequest(\"public/v2/users\");\n//console.log(response.data);\n//console.log(response.status);\nexpect(response.status).to.equal(200);\nexpect(response.data.length).to.not.equal(0);",
              "err": {},
              "uuid": "ef0d92f7-23a3-4390-8829-e39fdaaf92a4",
              "parentUUID": "9cb73035-6de3-47e4-907a-ef3631d57d67",
              "isHook": false,
              "skipped": false
            },
            {
              "title": "GET public/v2/users should return non-empty status",
              "fullTitle": "API Test Suite GET public/v2/users should return non-empty status",
              "timedOut": false,
              "duration": 279,
              "state": "passed",
              "speed": "slow",
              "pass": true,
              "fail": false,
              "pending": false,
              "context": null,
              "code": "const response = await sendRequest(\"public/v2/users\");\nexpect(response.data.status).to.not.equal(\"\");",
              "err": {},
              "uuid": "ee1b0e18-406c-471b-a751-9bbc711c3865",
              "parentUUID": "9cb73035-6de3-47e4-907a-ef3631d57d67",
              "isHook": false,
              "skipped": false
            },
            {
              "title": "GET public/v2/comments should return users",
              "fullTitle": "API Test Suite GET public/v2/comments should return users",
              "timedOut": false,
              "duration": 573,
              "state": "passed",
              "speed": "slow",
              "pass": true,
              "fail": false,
              "pending": false,
              "context": null,
              "code": "const response = await sendRequest(\"public/v2/comments\");\nexpect(response.status).to.equal(200);\nexpect(response.data.length).to.not.equal(0);",
              "err": {},
              "uuid": "82c547a9-0419-4f4f-9dc4-3f05ec847a9e",
              "parentUUID": "9cb73035-6de3-47e4-907a-ef3631d57d67",
              "isHook": false,
              "skipped": false
            },
            {
              "title": "GET public/v2/comments should return email",
              "fullTitle": "API Test Suite GET public/v2/comments should return email",
              "timedOut": false,
              "duration": 272,
              "state": "passed",
              "speed": "slow",
              "pass": true,
              "fail": false,
              "pending": false,
              "context": null,
              "code": "const response = await sendRequest(\"public/v2/comments\");\nexpect(response.data.email).to.not.equal(\"\");",
              "err": {},
              "uuid": "d2e11d09-5a63-4afd-b2bc-57e2d43676d9",
              "parentUUID": "9cb73035-6de3-47e4-907a-ef3631d57d67",
              "isHook": false,
              "skipped": false
            }
          ],
          "suites": [],
          "passes": [
            "ef0d92f7-23a3-4390-8829-e39fdaaf92a4",
            "ee1b0e18-406c-471b-a751-9bbc711c3865",
            "82c547a9-0419-4f4f-9dc4-3f05ec847a9e",
            "d2e11d09-5a63-4afd-b2bc-57e2d43676d9"
          ],
          "failures": [],
          "pending": [],
          "skipped": [],
          "duration": 1758,
          "root": false,
          "rootEmpty": false,
          "_timeout": 2000
        }
      ],
      "passes": [],
      "failures": [],
      "pending": [],
      "skipped": [],
      "duration": 0,
      "root": true,
      "rootEmpty": true,
      "_timeout": 2000
    }
  ],
  "meta": {
    "mocha": {
      "version": "10.2.0"
    },
    "mochawesome": {
      "options": {
        "quiet": false,
        "reportFilename": "mochawesome",
        "saveHtml": true,
        "saveJson": true,
        "consoleReporter": "spec",
        "useInlineDiffs": false,
        "code": true
      },
      "version": "7.1.3"
    },
    "marge": {
      "options": null,
      "version": "6.2.0"
    }
  }
}